Build started 8/24/2015 5:01:31 PM.
     1>Project "C:\Users\Abhineet\OneDrive\ProjectWork\C++\TheEye\TheEye\TheEye.vcxproj" on node 2 (Build target(s)).
     1>ClCompile:
         C:\Program Files (x86)\Microsoft Visual Studio 12.0\VC\bin\x86_amd64\CL.exe /c /IC:\WorkFolder\Libraries\opencv\build\/include /Zi /nologo /W3 /WX- /sdl /Od /D WIN32 /D _DEBUG /D _CONSOLE /D _LIB /D _UNICODE /D UNICODE /Gm /EHsc /RTC1 /MDd /GS /fp:precise /Zc:wchar_t /Zc:forScope /Yc"stdafx.h" /Fp"x64\Debug\TheEye.pch" /Fo"x64\Debug\\" /Fd"x64\Debug\vc120.pdb" /Gd /TP /errorReport:prompt stdafx.cpp
         stdafx.cpp
         C:\Program Files (x86)\Microsoft Visual Studio 12.0\VC\bin\x86_amd64\CL.exe /c /IC:\WorkFolder\Libraries\opencv\build\/include /Zi /nologo /W3 /WX- /sdl /Od /D WIN32 /D _DEBUG /D _CONSOLE /D _LIB /D _UNICODE /D UNICODE /Gm /EHsc /RTC1 /MDd /GS /fp:precise /Zc:wchar_t /Zc:forScope /Yu"stdafx.h" /Fp"x64\Debug\TheEye.pch" /Fo"x64\Debug\\" /Fd"x64\Debug\vc120.pdb" /Gd /TP /errorReport:prompt TheEye.cpp TrackedObject.cpp
         TheEye.cpp
     1>c:\users\abhineet\onedrive\projectwork\c++\theeye\theeye\Util.h(109): warning C4244: '=' : conversion from 'double' to 'float', possible loss of data
     1>c:\users\abhineet\onedrive\projectwork\c++\theeye\theeye\Util.h(110): warning C4244: '=' : conversion from 'double' to 'float', possible loss of data
     1>c:\users\abhineet\onedrive\projectwork\c++\theeye\theeye\Util.h(111): warning C4244: '=' : conversion from 'double' to 'float', possible loss of data
     1>c:\users\abhineet\onedrive\projectwork\c++\theeye\theeye\Util.h(112): warning C4244: '=' : conversion from 'double' to 'float', possible loss of data
     1>c:\users\abhineet\onedrive\projectwork\c++\theeye\theeye\Util.h(113): warning C4244: '=' : conversion from 'double' to 'float', possible loss of data
     1>c:\users\abhineet\onedrive\projectwork\c++\theeye\theeye\Util.h(133): warning C4267: 'initializing' : conversion from 'size_t' to 'int', possible loss of data
     1>c:\users\abhineet\onedrive\projectwork\c++\theeye\theeye\Util.h(136): warning C4267: '+=' : conversion from 'size_t' to 'int', possible loss of data
     1>c:\users\abhineet\onedrive\projectwork\c++\theeye\theeye\Util.h(138): warning C4267: '=' : conversion from 'size_t' to 'int', possible loss of data
     1>c:\users\abhineet\onedrive\projectwork\c++\theeye\theeye\LearningUtil.h(387): warning C4244: '=' : conversion from 'int' to 'float', possible loss of data
     1>c:\users\abhineet\onedrive\projectwork\c++\theeye\theeye\LearningUtil.h(390): warning C4244: '=' : conversion from 'int' to 'float', possible loss of data
     1>c:\users\abhineet\onedrive\projectwork\c++\theeye\theeye\LearningUtil.h(406): warning C4244: '=' : conversion from 'int' to 'float', possible loss of data
     1>c:\users\abhineet\onedrive\projectwork\c++\theeye\theeye\LearningUtil.h(409): warning C4244: '=' : conversion from 'int' to 'float', possible loss of data
     1>c:\users\abhineet\onedrive\projectwork\c++\theeye\theeye\LearningUtil.h(421): warning C4244: '=' : conversion from 'int' to 'float', possible loss of data
     1>c:\users\abhineet\onedrive\projectwork\c++\theeye\theeye\LearningUtil.h(424): warning C4244: '=' : conversion from 'int' to 'float', possible loss of data
     1>TheEye.cpp(212): warning C4244: 'argument' : conversion from 'double' to 'int', possible loss of data
     1>TheEye.cpp(346): warning C4065: switch statement contains 'default' but no 'case' labels
     1>TheEye.cpp(367): warning C4267: 'initializing' : conversion from 'size_t' to 'int', possible loss of data
     1>TheEye.cpp(385): warning C4267: 'argument' : conversion from 'size_t' to 'int', possible loss of data
     1>TheEye.cpp(458): warning C4065: switch statement contains 'default' but no 'case' labels
         Generating Code...
         Skipping... (no relevant changes detected)
         TrackedObject.cpp
       Link:
         C:\Program Files (x86)\Microsoft Visual Studio 12.0\VC\bin\x86_amd64\link.exe /ERRORREPORT:PROMPT /OUT:"C:\Users\Abhineet\OneDrive\ProjectWork\C++\TheEye\x64\Debug\TheEye.exe" /INCREMENTAL /NOLOGO /LIBPATH:C:\WorkFolder\Libraries\opencv\build\/x64/vc12/lib opencv_core2410d.lib opencv_imgproc2410d.lib opencv_ml2410d.lib opencv_video2410d.lib opencv_highgui2410d.lib kernel32.lib user32.lib gdi32.lib winspool.lib comdlg32.lib advapi32.lib shell32.lib ole32.lib oleaut32.lib uuid.lib odbc32.lib odbccp32.lib /MANIFEST /MANIFESTUAC:"level='asInvoker' uiAccess='false'" /manifest:embed /DEBUG /PDB:"C:\Users\Abhineet\OneDrive\ProjectWork\C++\TheEye\x64\Debug\TheEye.pdb" /SUBSYSTEM:CONSOLE /TLBID:1 /DYNAMICBASE /NXCOMPAT /IMPLIB:"C:\Users\Abhineet\OneDrive\ProjectWork\C++\TheEye\x64\Debug\TheEye.lib" /MACHINE:X64 x64\Debug\stdafx.obj
         x64\Debug\TheEye.obj
         x64\Debug\TrackedObject.obj
         TheEye.vcxproj -> C:\Users\Abhineet\OneDrive\ProjectWork\C++\TheEye\x64\Debug\TheEye.exe
     1>Done Building Project "C:\Users\Abhineet\OneDrive\ProjectWork\C++\TheEye\TheEye\TheEye.vcxproj" (Build target(s)).

Build succeeded.

Time Elapsed 00:00:02.17
