Build started 8/24/2015 5:01:09 PM.
     1>Project "C:\Users\Abhineet\OneDrive\ProjectWork\C++\TheEye\TheEye\TheEye.vcxproj" on node 2 (Build target(s)).
     1>ClCompile:
         C:\Program Files (x86)\Microsoft Visual Studio 12.0\VC\bin\x86_amd64\CL.exe /c /IC:\WorkFolder\Libraries\opencv\build\/include /Zi /nologo /W3 /WX- /sdl /O2 /Oi /GL /D WIN32 /D NDEBUG /D _CONSOLE /D _LIB /D _UNICODE /D UNICODE /Gm- /EHsc /MD /GS /Gy /fp:precise /Zc:wchar_t /Zc:forScope /Yc"stdafx.h" /Fp"x64\Release\TheEye.pch" /Fo"x64\Release\\" /Fd"x64\Release\vc120.pdb" /Gd /TP /errorReport:prompt stdafx.cpp
         stdafx.cpp
         C:\Program Files (x86)\Microsoft Visual Studio 12.0\VC\bin\x86_amd64\CL.exe /c /IC:\WorkFolder\Libraries\opencv\build\/include /Zi /nologo /W3 /WX- /sdl /O2 /Oi /GL /D WIN32 /D NDEBUG /D _CONSOLE /D _LIB /D _UNICODE /D UNICODE /Gm- /EHsc /MD /GS /Gy /fp:precise /Zc:wchar_t /Zc:forScope /Yu"stdafx.h" /Fp"x64\Release\TheEye.pch" /Fo"x64\Release\\" /Fd"x64\Release\vc120.pdb" /Gd /TP /errorReport:prompt TheEye.cpp TrackedObject.cpp
         TheEye.cpp
     1>c:\users\abhineet\onedrive\projectwork\c++\theeye\theeye\Util.h(109): warning C4244: '=' : conversion from 'double' to 'float', possible loss of data
     1>c:\users\abhineet\onedrive\projectwork\c++\theeye\theeye\Util.h(110): warning C4244: '=' : conversion from 'double' to 'float', possible loss of data
     1>c:\users\abhineet\onedrive\projectwork\c++\theeye\theeye\Util.h(111): warning C4244: '=' : conversion from 'double' to 'float', possible loss of data
     1>c:\users\abhineet\onedrive\projectwork\c++\theeye\theeye\Util.h(112): warning C4244: '=' : conversion from 'double' to 'float', possible loss of data
     1>c:\users\abhineet\onedrive\projectwork\c++\theeye\theeye\Util.h(113): warning C4244: '=' : conversion from 'double' to 'float', possible loss of data
     1>c:\users\abhineet\onedrive\projectwork\c++\theeye\theeye\Util.h(133): warning C4267: 'initializing' : conversion from 'size_t' to 'int', possible loss of data
     1>c:\users\abhineet\onedrive\projectwork\c++\theeye\theeye\Util.h(136): warning C4267: '+=' : conversion from 'size_t' to 'int', possible loss of data
     1>c:\users\abhineet\onedrive\projectwork\c++\theeye\theeye\Util.h(138): warning C4267: '=' : conversion from 'size_t' to 'int', possible loss of data
     1>c:\users\abhineet\onedrive\projectwork\c++\theeye\theeye\LearningUtil.h(387): warning C4244: '=' : conversion from 'int' to 'float', possible loss of data
     1>c:\users\abhineet\onedrive\projectwork\c++\theeye\theeye\LearningUtil.h(390): warning C4244: '=' : conversion from 'int' to 'float', possible loss of data
     1>c:\users\abhineet\onedrive\projectwork\c++\theeye\theeye\LearningUtil.h(406): warning C4244: '=' : conversion from 'int' to 'float', possible loss of data
     1>c:\users\abhineet\onedrive\projectwork\c++\theeye\theeye\LearningUtil.h(409): warning C4244: '=' : conversion from 'int' to 'float', possible loss of data
     1>c:\users\abhineet\onedrive\projectwork\c++\theeye\theeye\LearningUtil.h(421): warning C4244: '=' : conversion from 'int' to 'float', possible loss of data
     1>c:\users\abhineet\onedrive\projectwork\c++\theeye\theeye\LearningUtil.h(424): warning C4244: '=' : conversion from 'int' to 'float', possible loss of data
     1>TheEye.cpp(212): warning C4244: 'argument' : conversion from 'double' to 'int', possible loss of data
     1>TheEye.cpp(346): warning C4065: switch statement contains 'default' but no 'case' labels
     1>TheEye.cpp(367): warning C4267: 'initializing' : conversion from 'size_t' to 'int', possible loss of data
     1>TheEye.cpp(385): warning C4267: 'argument' : conversion from 'size_t' to 'int', possible loss of data
     1>TheEye.cpp(458): warning C4065: switch statement contains 'default' but no 'case' labels
         TrackedObject.cpp
     1>c:\users\abhineet\onedrive\projectwork\c++\theeye\theeye\LinearRegression.h(86): warning C4267: 'initializing' : conversion from 'size_t' to 'int', possible loss of data
     1>TrackedObject.cpp(54): warning C4244: '=' : conversion from 'double' to 'float', possible loss of data
     1>TrackedObject.cpp(57): warning C4244: '=' : conversion from 'double' to 'float', possible loss of data
     1>TrackedObject.cpp(58): warning C4244: '=' : conversion from 'double' to 'float', possible loss of data
       Link:
         C:\Program Files (x86)\Microsoft Visual Studio 12.0\VC\bin\x86_amd64\link.exe /ERRORREPORT:PROMPT /OUT:"C:\Users\Abhineet\OneDrive\ProjectWork\C++\TheEye\x64\Release\TheEye.exe" /INCREMENTAL:NO /NOLOGO /LIBPATH:C:\WorkFolder\Libraries\opencv\build\/x64/vc12/lib opencv_core2410.lib opencv_highgui2410.lib opencv_imgproc2410.lib opencv_ml2410.lib opencv_video2410.lib kernel32.lib user32.lib gdi32.lib winspool.lib comdlg32.lib advapi32.lib shell32.lib ole32.lib oleaut32.lib uuid.lib odbc32.lib odbccp32.lib /MANIFEST /MANIFESTUAC:"level='asInvoker' uiAccess='false'" /manifest:embed /DEBUG /PDB:"C:\Users\Abhineet\OneDrive\ProjectWork\C++\TheEye\x64\Release\TheEye.pdb" /SUBSYSTEM:CONSOLE /OPT:REF /OPT:ICF /LTCG /TLBID:1 /DYNAMICBASE /NXCOMPAT /IMPLIB:"C:\Users\Abhineet\OneDrive\ProjectWork\C++\TheEye\x64\Release\TheEye.lib" /MACHINE:X64 x64\Release\stdafx.obj
         x64\Release\TheEye.obj
         x64\Release\TrackedObject.obj
         Generating code
         Finished generating code
         TheEye.vcxproj -> C:\Users\Abhineet\OneDrive\ProjectWork\C++\TheEye\x64\Release\TheEye.exe
     1>Done Building Project "C:\Users\Abhineet\OneDrive\ProjectWork\C++\TheEye\TheEye\TheEye.vcxproj" (Build target(s)).

Build succeeded.

Time Elapsed 00:00:02.86
